[ERROR][main][2017-11-16 00:54:52][com.schooner.MemCached.AscIIClient] - ++++ exception thrown while writing bytes to server on set
[ERROR][main][2017-11-16 00:54:52][com.schooner.MemCached.AscIIClient] - com.ptteng.gwj.entities.Student
java.io.NotSerializableException: com.ptteng.gwj.entities.Student
	at java.io.ObjectOutputStream.writeObject0(ObjectOutputStream.java:1184)
	at java.io.ObjectOutputStream.writeObject(ObjectOutputStream.java:348)
	at com.schooner.MemCached.ObjectTransCoder.encode(Unknown Source)
	at com.schooner.MemCached.AbstractTransCoder.encode(Unknown Source)
	at com.schooner.MemCached.AscIIClient.set(Unknown Source)
	at com.schooner.MemCached.AscIIClient.set(Unknown Source)
	at com.whalin.MemCached.MemCachedClient.set(Unknown Source)
	at com.ptteng.gwj.util.MemcachedUtil.put(MemcachedUtil.java:49)
	at MemcachedUtilTestDrive.testMemcached(MemcachedUtilTestDrive.java:15)
	at sun.reflect.NativeMethodAccessorImpl.invoke0(Native Method)
	at sun.reflect.NativeMethodAccessorImpl.invoke(NativeMethodAccessorImpl.java:62)
	at sun.reflect.DelegatingMethodAccessorImpl.invoke(DelegatingMethodAccessorImpl.java:43)
	at java.lang.reflect.Method.invoke(Method.java:498)
	at org.junit.runners.model.FrameworkMethod$1.runReflectiveCall(FrameworkMethod.java:50)
	at org.junit.internal.runners.model.ReflectiveCallable.run(ReflectiveCallable.java:12)
	at org.junit.runners.model.FrameworkMethod.invokeExplosively(FrameworkMethod.java:47)
	at org.junit.internal.runners.statements.InvokeMethod.evaluate(InvokeMethod.java:17)
	at org.junit.runners.ParentRunner.runLeaf(ParentRunner.java:325)
	at org.junit.runners.BlockJUnit4ClassRunner.runChild(BlockJUnit4ClassRunner.java:78)
	at org.junit.runners.BlockJUnit4ClassRunner.runChild(BlockJUnit4ClassRunner.java:57)
	at org.junit.runners.ParentRunner$3.run(ParentRunner.java:290)
	at org.junit.runners.ParentRunner$1.schedule(ParentRunner.java:71)
	at org.junit.runners.ParentRunner.runChildren(ParentRunner.java:288)
	at org.junit.runners.ParentRunner.access$000(ParentRunner.java:58)
	at org.junit.runners.ParentRunner$2.evaluate(ParentRunner.java:268)
	at org.junit.runners.ParentRunner.run(ParentRunner.java:363)
	at org.junit.runner.JUnitCore.run(JUnitCore.java:137)
	at com.intellij.junit4.JUnit4IdeaTestRunner.startRunnerWithArgs(JUnit4IdeaTestRunner.java:68)
	at com.intellij.rt.execution.junit.IdeaTestRunner$Repeater.startRunnerWithArgs(IdeaTestRunner.java:47)
	at com.intellij.rt.execution.junit.JUnitStarter.prepareStreamsAndStart(JUnitStarter.java:242)
	at com.intellij.rt.execution.junit.JUnitStarter.main(JUnitStarter.java:70)
[INFO][main][2017-11-16 01:24:29][org.springframework.context.support.AbstractApplicationContext] - Refreshing org.springframework.context.support.ClassPathXmlApplicationContext@6a2bcfcb: startup date [Thu Nov 16 01:24:29 CST 2017]; root of context hierarchy
[INFO][main][2017-11-16 01:24:29][org.springframework.beans.factory.xml.XmlBeanDefinitionReader] - Loading XML bean definitions from class path resource [memcached-spring.xml]
[INFO][main][2017-11-16 01:24:30][org.springframework.context.support.AbstractApplicationContext] - Refreshing org.springframework.context.support.ClassPathXmlApplicationContext@3b2da18f: startup date [Thu Nov 16 01:24:30 CST 2017]; root of context hierarchy
[INFO][main][2017-11-16 01:24:30][org.springframework.beans.factory.xml.XmlBeanDefinitionReader] - Loading XML bean definitions from class path resource [memcached-spring.xml]
[INFO][main][2017-11-16 01:25:20][org.springframework.context.support.AbstractApplicationContext] - Refreshing org.springframework.context.support.ClassPathXmlApplicationContext@573f2bb1: startup date [Thu Nov 16 01:25:20 CST 2017]; root of context hierarchy
[INFO][main][2017-11-16 01:25:20][org.springframework.beans.factory.xml.XmlBeanDefinitionReader] - Loading XML bean definitions from class path resource [memcached-spring.xml]
[INFO][main][2017-11-16 01:26:17][org.springframework.context.support.AbstractApplicationContext] - Refreshing org.springframework.context.support.ClassPathXmlApplicationContext@6a2bcfcb: startup date [Thu Nov 16 01:26:17 CST 2017]; root of context hierarchy
[INFO][main][2017-11-16 01:26:18][org.springframework.beans.factory.xml.XmlBeanDefinitionReader] - Loading XML bean definitions from class path resource [memcached-spring.xml]
[INFO][main][2017-11-16 01:26:18][org.springframework.context.support.AbstractApplicationContext] - Refreshing org.springframework.context.support.ClassPathXmlApplicationContext@3b2da18f: startup date [Thu Nov 16 01:26:18 CST 2017]; root of context hierarchy
[INFO][main][2017-11-16 01:26:18][org.springframework.beans.factory.xml.XmlBeanDefinitionReader] - Loading XML bean definitions from class path resource [memcached-spring.xml]
[INFO][main][2017-11-16 01:29:10][org.springframework.context.support.AbstractApplicationContext] - Refreshing org.springframework.context.support.ClassPathXmlApplicationContext@6a2bcfcb: startup date [Thu Nov 16 01:29:10 CST 2017]; root of context hierarchy
[INFO][main][2017-11-16 01:29:11][org.springframework.beans.factory.xml.XmlBeanDefinitionReader] - Loading XML bean definitions from class path resource [memcached-spring.xml]
[INFO][main][2017-11-16 01:29:11][org.springframework.context.support.AbstractApplicationContext] - Refreshing org.springframework.context.support.ClassPathXmlApplicationContext@3b2da18f: startup date [Thu Nov 16 01:29:11 CST 2017]; root of context hierarchy
[INFO][main][2017-11-16 01:29:11][org.springframework.beans.factory.xml.XmlBeanDefinitionReader] - Loading XML bean definitions from class path resource [memcached-spring.xml]
[INFO][main][2017-11-16 01:31:31][org.springframework.context.support.AbstractApplicationContext] - Refreshing org.springframework.context.support.ClassPathXmlApplicationContext@6a2bcfcb: startup date [Thu Nov 16 01:31:31 CST 2017]; root of context hierarchy
[INFO][main][2017-11-16 01:31:32][org.springframework.beans.factory.xml.XmlBeanDefinitionReader] - Loading XML bean definitions from class path resource [memcached-spring.xml]
[INFO][main][2017-11-16 01:31:32][org.springframework.context.support.AbstractApplicationContext] - Refreshing org.springframework.context.support.ClassPathXmlApplicationContext@7c417213: startup date [Thu Nov 16 01:31:32 CST 2017]; root of context hierarchy
[INFO][main][2017-11-16 01:31:32][org.springframework.beans.factory.xml.XmlBeanDefinitionReader] - Loading XML bean definitions from class path resource [memcached-spring.xml]
[INFO][main][2017-11-16 01:58:23][org.springframework.context.support.AbstractApplicationContext] - Refreshing org.springframework.context.support.ClassPathXmlApplicationContext@6a2bcfcb: startup date [Thu Nov 16 01:58:23 CST 2017]; root of context hierarchy
[INFO][main][2017-11-16 01:58:23][org.springframework.beans.factory.xml.XmlBeanDefinitionReader] - Loading XML bean definitions from class path resource [memcached-spring.xml]
[INFO][main][2017-11-16 01:58:24][org.springframework.context.support.AbstractApplicationContext] - Refreshing org.springframework.context.support.ClassPathXmlApplicationContext@7c417213: startup date [Thu Nov 16 01:58:24 CST 2017]; root of context hierarchy
[INFO][main][2017-11-16 01:58:24][org.springframework.beans.factory.xml.XmlBeanDefinitionReader] - Loading XML bean definitions from class path resource [memcached-spring.xml]
[INFO][main][2017-11-17 19:09:11][org.springframework.context.support.AbstractApplicationContext] - Refreshing org.springframework.context.support.ClassPathXmlApplicationContext@66d2e7d9: startup date [Fri Nov 17 19:09:11 CST 2017]; root of context hierarchy
[INFO][main][2017-11-17 19:09:11][org.springframework.beans.factory.xml.XmlBeanDefinitionReader] - Loading XML bean definitions from class path resource [memcached-spring.xml]
[INFO][main][2017-11-17 19:09:12][org.springframework.context.support.AbstractApplicationContext] - Refreshing org.springframework.context.support.ClassPathXmlApplicationContext@5db45159: startup date [Fri Nov 17 19:09:12 CST 2017]; root of context hierarchy
[INFO][main][2017-11-17 19:09:12][org.springframework.beans.factory.xml.XmlBeanDefinitionReader] - Loading XML bean definitions from class path resource [memcached-spring.xml]
[INFO][main][2017-11-20 22:46:18][org.springframework.context.support.AbstractApplicationContext] - Refreshing org.springframework.context.support.ClassPathXmlApplicationContext@4439f31e: startup date [Mon Nov 20 22:46:18 CST 2017]; root of context hierarchy
[INFO][main][2017-11-20 22:46:18][org.springframework.beans.factory.xml.XmlBeanDefinitionReader] - Loading XML bean definitions from class path resource [memcached-spring.xml]
[INFO][main][2017-11-20 22:58:54][org.springframework.context.support.AbstractApplicationContext] - Refreshing org.springframework.context.support.ClassPathXmlApplicationContext@4439f31e: startup date [Mon Nov 20 22:58:54 CST 2017]; root of context hierarchy
[INFO][main][2017-11-20 22:58:54][org.springframework.beans.factory.xml.XmlBeanDefinitionReader] - Loading XML bean definitions from class path resource [memcached-spring.xml]
[INFO][main][2017-11-20 23:21:46][org.springframework.context.support.AbstractApplicationContext] - Refreshing org.springframework.context.support.ClassPathXmlApplicationContext@4439f31e: startup date [Mon Nov 20 23:21:46 CST 2017]; root of context hierarchy
[INFO][main][2017-11-20 23:21:46][org.springframework.beans.factory.xml.XmlBeanDefinitionReader] - Loading XML bean definitions from class path resource [memcached-spring.xml]
[INFO][main][2017-11-20 23:25:11][org.springframework.context.support.AbstractApplicationContext] - Refreshing org.springframework.context.support.ClassPathXmlApplicationContext@4439f31e: startup date [Mon Nov 20 23:25:11 CST 2017]; root of context hierarchy
[INFO][main][2017-11-20 23:25:11][org.springframework.beans.factory.xml.XmlBeanDefinitionReader] - Loading XML bean definitions from class path resource [memcached-spring.xml]
[INFO][main][2017-11-20 23:27:37][org.springframework.context.support.AbstractApplicationContext] - Refreshing org.springframework.context.support.ClassPathXmlApplicationContext@4439f31e: startup date [Mon Nov 20 23:27:37 CST 2017]; root of context hierarchy
[INFO][main][2017-11-20 23:27:37][org.springframework.beans.factory.xml.XmlBeanDefinitionReader] - Loading XML bean definitions from class path resource [memcached-spring.xml]
[INFO][main][2017-11-20 23:31:13][org.springframework.context.support.AbstractApplicationContext] - Refreshing org.springframework.context.support.ClassPathXmlApplicationContext@4439f31e: startup date [Mon Nov 20 23:31:13 CST 2017]; root of context hierarchy
[INFO][main][2017-11-20 23:31:13][org.springframework.beans.factory.xml.XmlBeanDefinitionReader] - Loading XML bean definitions from class path resource [memcached-spring.xml]
[INFO][main][2017-11-20 23:54:58][org.springframework.context.support.AbstractApplicationContext] - Refreshing org.springframework.context.support.ClassPathXmlApplicationContext@4439f31e: startup date [Mon Nov 20 23:54:58 CST 2017]; root of context hierarchy
[INFO][main][2017-11-20 23:54:58][org.springframework.beans.factory.xml.XmlBeanDefinitionReader] - Loading XML bean definitions from class path resource [memcached-spring.xml]
[INFO][main][2017-11-20 23:58:22][org.springframework.context.support.AbstractApplicationContext] - Refreshing org.springframework.context.support.ClassPathXmlApplicationContext@4439f31e: startup date [Mon Nov 20 23:58:22 CST 2017]; root of context hierarchy
[INFO][main][2017-11-20 23:58:23][org.springframework.beans.factory.xml.XmlBeanDefinitionReader] - Loading XML bean definitions from class path resource [memcached-spring.xml]
[INFO][main][2017-11-21 00:04:18][org.springframework.context.support.AbstractApplicationContext] - Refreshing org.springframework.context.support.ClassPathXmlApplicationContext@4439f31e: startup date [Tue Nov 21 00:04:17 CST 2017]; root of context hierarchy
[INFO][main][2017-11-21 00:04:18][org.springframework.beans.factory.xml.XmlBeanDefinitionReader] - Loading XML bean definitions from class path resource [memcached-spring.xml]
[INFO][main][2017-11-21 00:13:19][org.springframework.context.support.AbstractApplicationContext] - Refreshing org.springframework.context.support.ClassPathXmlApplicationContext@4439f31e: startup date [Tue Nov 21 00:13:19 CST 2017]; root of context hierarchy
[INFO][main][2017-11-21 00:13:19][org.springframework.beans.factory.xml.XmlBeanDefinitionReader] - Loading XML bean definitions from class path resource [memcached-spring.xml]
[INFO][main][2017-11-21 16:16:56][org.springframework.context.support.AbstractApplicationContext] - Refreshing org.springframework.context.support.ClassPathXmlApplicationContext@4439f31e: startup date [Tue Nov 21 16:16:56 CST 2017]; root of context hierarchy
[INFO][main][2017-11-21 16:16:56][org.springframework.beans.factory.xml.XmlBeanDefinitionReader] - Loading XML bean definitions from class path resource [memcached-spring.xml]
[INFO][main][2017-11-21 16:18:26][org.springframework.context.support.AbstractApplicationContext] - Refreshing org.springframework.context.support.ClassPathXmlApplicationContext@4439f31e: startup date [Tue Nov 21 16:18:26 CST 2017]; root of context hierarchy
[INFO][main][2017-11-21 16:18:26][org.springframework.beans.factory.xml.XmlBeanDefinitionReader] - Loading XML bean definitions from class path resource [memcached-spring.xml]
[INFO][main][2017-11-21 16:31:44][org.springframework.context.support.AbstractApplicationContext] - Refreshing org.springframework.context.support.ClassPathXmlApplicationContext@4439f31e: startup date [Tue Nov 21 16:31:44 CST 2017]; root of context hierarchy
[INFO][main][2017-11-21 16:31:44][org.springframework.beans.factory.xml.XmlBeanDefinitionReader] - Loading XML bean definitions from class path resource [memcached-spring.xml]
[INFO][main][2017-11-21 16:34:15][org.springframework.context.support.AbstractApplicationContext] - Refreshing org.springframework.context.support.ClassPathXmlApplicationContext@4439f31e: startup date [Tue Nov 21 16:34:15 CST 2017]; root of context hierarchy
[INFO][main][2017-11-21 16:34:15][org.springframework.beans.factory.xml.XmlBeanDefinitionReader] - Loading XML bean definitions from class path resource [memcached-spring.xml]
[INFO][main][2017-11-21 16:37:34][org.springframework.context.support.AbstractApplicationContext] - Refreshing org.springframework.context.support.ClassPathXmlApplicationContext@4439f31e: startup date [Tue Nov 21 16:37:34 CST 2017]; root of context hierarchy
[INFO][main][2017-11-21 16:37:34][org.springframework.beans.factory.xml.XmlBeanDefinitionReader] - Loading XML bean definitions from class path resource [memcached-spring.xml]
[INFO][main][2017-11-21 16:45:19][org.springframework.context.support.AbstractApplicationContext] - Refreshing org.springframework.context.support.ClassPathXmlApplicationContext@4439f31e: startup date [Tue Nov 21 16:45:19 CST 2017]; root of context hierarchy
[INFO][main][2017-11-21 16:45:19][org.springframework.beans.factory.xml.XmlBeanDefinitionReader] - Loading XML bean definitions from class path resource [memcached-spring.xml]
[INFO][main][2017-11-21 16:46:22][org.springframework.context.support.AbstractApplicationContext] - Refreshing org.springframework.context.support.ClassPathXmlApplicationContext@4439f31e: startup date [Tue Nov 21 16:46:22 CST 2017]; root of context hierarchy
[INFO][main][2017-11-21 16:46:22][org.springframework.beans.factory.xml.XmlBeanDefinitionReader] - Loading XML bean definitions from class path resource [memcached-spring.xml]
[INFO][main][2017-11-21 22:54:00][org.springframework.context.support.AbstractApplicationContext] - Refreshing org.springframework.context.support.ClassPathXmlApplicationContext@4439f31e: startup date [Tue Nov 21 22:54:00 CST 2017]; root of context hierarchy
[INFO][main][2017-11-21 22:54:00][org.springframework.beans.factory.xml.XmlBeanDefinitionReader] - Loading XML bean definitions from class path resource [memcached-spring.xml]
[INFO][main][2017-11-21 22:55:19][org.springframework.context.support.AbstractApplicationContext] - Refreshing org.springframework.context.support.ClassPathXmlApplicationContext@4439f31e: startup date [Tue Nov 21 22:55:19 CST 2017]; root of context hierarchy
[INFO][main][2017-11-21 22:55:19][org.springframework.beans.factory.xml.XmlBeanDefinitionReader] - Loading XML bean definitions from class path resource [memcached-spring.xml]
[INFO][main][2017-11-21 22:55:46][org.springframework.context.support.AbstractApplicationContext] - Refreshing org.springframework.context.support.ClassPathXmlApplicationContext@4439f31e: startup date [Tue Nov 21 22:55:46 CST 2017]; root of context hierarchy
[INFO][main][2017-11-21 22:55:47][org.springframework.beans.factory.xml.XmlBeanDefinitionReader] - Loading XML bean definitions from class path resource [memcached-spring.xml]
[INFO][main][2017-11-21 22:55:53][org.springframework.context.support.AbstractApplicationContext] - Refreshing org.springframework.context.support.ClassPathXmlApplicationContext@4439f31e: startup date [Tue Nov 21 22:55:53 CST 2017]; root of context hierarchy
[INFO][main][2017-11-21 22:55:53][org.springframework.beans.factory.xml.XmlBeanDefinitionReader] - Loading XML bean definitions from class path resource [memcached-spring.xml]
[INFO][main][2017-11-21 23:03:15][org.springframework.context.support.AbstractApplicationContext] - Refreshing org.springframework.context.support.ClassPathXmlApplicationContext@4439f31e: startup date [Tue Nov 21 23:03:15 CST 2017]; root of context hierarchy
[INFO][main][2017-11-21 23:03:15][org.springframework.beans.factory.xml.XmlBeanDefinitionReader] - Loading XML bean definitions from class path resource [memcached-spring.xml]
